<?xml version="1.0" encoding="UTF-8"?>
<testng-results ignored="0" total="1" passed="1" failed="0" skipped="0">
  <reporter-output>
  </reporter-output>
  <suite started-at="2018-06-13T00:30:05Z" name="Default suite" finished-at="2018-06-13T00:30:10Z" duration-ms="4902">
    <groups>
    </groups>
    <test started-at="2018-06-13T00:30:05Z" name="Default test" finished-at="2018-06-13T00:30:10Z" duration-ms="4902">
      <class name="com.task.station.StationAppIntegrationTests">
        <test-method signature="findStationByName()[pri:0, instance:com.task.station.StationAppIntegrationTests@6a6afff2]" started-at="2018-06-13T00:30:05Z" name="findStationByName" finished-at="2018-06-13T00:30:10Z" duration-ms="4862" status="PASS">
          <reporter-output>
          </reporter-output>
        </test-method> <!-- findStationByName -->
      </class> <!-- com.task.station.StationAppIntegrationTests -->
    </test> <!-- Default test -->
  </suite> <!-- Default suite -->
</testng-results>
